                      :-) GROMACS - gmx mdrun, 2019.4 (-:

                            GROMACS is written by:
     Emile Apol      Rossen Apostolov      Paul Bauer     Herman J.C. Berendsen
    Par Bjelkmar      Christian Blau   Viacheslav Bolnykh     Kevin Boyd    
 Aldert van Buuren   Rudi van Drunen     Anton Feenstra       Alan Gray     
  Gerrit Groenhof     Anca Hamuraru    Vincent Hindriksen  M. Eric Irrgang  
  Aleksei Iupinov   Christoph Junghans     Joe Jordan     Dimitrios Karkoulis
    Peter Kasson        Jiri Kraus      Carsten Kutzner      Per Larsson    
  Justin A. Lemkul    Viveca Lindahl    Magnus Lundborg     Erik Marklund   
    Pascal Merz     Pieter Meulenhoff    Teemu Murtola       Szilard Pall   
    Sander Pronk      Roland Schulz      Michael Shirts    Alexey Shvetsov  
   Alfons Sijbers     Peter Tieleman      Jon Vincent      Teemu Virolainen 
 Christian Wennberg    Maarten Wolf   
                           and the project leaders:
        Mark Abraham, Berk Hess, Erik Lindahl, and David van der Spoel

Copyright (c) 1991-2000, University of Groningen, The Netherlands.
Copyright (c) 2001-2018, The GROMACS development team at
Uppsala University, Stockholm University and
the Royal Institute of Technology, Sweden.
check out http://www.gromacs.org for more information.

GROMACS is free software; you can redistribute it and/or modify it
under the terms of the GNU Lesser General Public License
as published by the Free Software Foundation; either version 2.1
of the License, or (at your option) any later version.

GROMACS:      gmx mdrun, version 2019.4
Executable:   /home/ajay/software/spack/opt/spack/linux-ubuntu20.04-zen/gcc-8.4.0/gromacs-2019.4-annaxisunwfyuy4dfdwhgz73zpx4oyzl/bin/gmx_mpi
Data prefix:  /home/ajay/software/spack/opt/spack/linux-ubuntu20.04-zen/gcc-8.4.0/gromacs-2019.4-annaxisunwfyuy4dfdwhgz73zpx4oyzl
Working dir:  /media/Data/work/gromacs/rest2/min_eq
Process ID:   46282
Command line:
  gmx_mpi mdrun -v -deffnm nvt -ntomp 1

GROMACS version:    2019.4
Precision:          single
Memory model:       64 bit
MPI library:        MPI
OpenMP support:     enabled (GMX_OPENMP_MAX_THREADS = 64)
GPU support:        CUDA
SIMD instructions:  AVX2_128
FFT library:        fftw-3.3.8-sse2-avx-avx2-avx2_128
RDTSCP usage:       enabled
TNG support:        enabled
Hwloc support:      hwloc-1.11.11
Tracing support:    disabled
C compiler:         /home/ajay/software/spack/lib/spack/env/gcc/gcc GNU 8.4.0
C compiler flags:    -mavx2 -mfma -pthread    -O2 -g -DNDEBUG -funroll-all-loops -fexcess-precision=fast  
C++ compiler:       /home/ajay/software/spack/lib/spack/env/gcc/g++ GNU 8.4.0
C++ compiler flags:  -mavx2 -mfma -pthread   -std=c++11   -O2 -g -DNDEBUG -funroll-all-loops -fexcess-precision=fast  
CUDA compiler:      /home/ajay/software/spack/opt/spack/linux-ubuntu20.04-zen/gcc-8.4.0/cuda-10.2.89-5sqjnk2pe3bwluyrcw3afah4ohgbxsqn/bin/nvcc nvcc: NVIDIA (R) Cuda compiler driver;Copyright (c) 2005-2019 NVIDIA Corporation;Built on Wed_Oct_23_19:24:38_PDT_2019;Cuda compilation tools, release 10.2, V10.2.89
CUDA compiler flags:-gencode;arch=compute_30,code=sm_30;-gencode;arch=compute_35,code=sm_35;-gencode;arch=compute_37,code=sm_37;-gencode;arch=compute_50,code=sm_50;-gencode;arch=compute_52,code=sm_52;-gencode;arch=compute_60,code=sm_60;-gencode;arch=compute_61,code=sm_61;-gencode;arch=compute_70,code=sm_70;-gencode;arch=compute_75,code=compute_75;-use_fast_math;-D_FORCE_INLINES;; ;-mavx2;-mfma;-pthread;-std=c++11;-O2;-g;-DNDEBUG;-funroll-all-loops;-fexcess-precision=fast;
CUDA driver:        10.20
CUDA runtime:       10.20


Running on 1 node with total 6 cores, 12 logical cores, 1 compatible GPU
Hardware detected on host ajay-MS-7C37 (the node of MPI rank 0):
  CPU info:
    Vendor: AMD
    Brand:  AMD Ryzen 5 3600 6-Core Processor              
    Family: 23   Model: 113   Stepping: 0
    Features: aes amd apic avx avx2 clfsh cmov cx8 cx16 f16c fma htt lahf misalignsse mmx msr nonstop_tsc pclmuldq pdpe1gb popcnt pse rdrnd rdtscp sha sse2 sse3 sse4a sse4.1 sse4.2 ssse3
  Hardware topology: Full, with devices
    Sockets, cores, and logical processors:
      Socket  0: [   0   6] [   1   7] [   2   8] [   3   9] [   4  10] [   5  11]
    Numa nodes:
      Node  0 (33685831680 bytes mem):   0   1   2   3   4   5   6   7   8   9  10  11
      Latency:
               0
         0  1.00
    Caches:
      L1: 32768 bytes, linesize 64 bytes, assoc. 8, shared 2 ways
      L2: 524288 bytes, linesize 64 bytes, assoc. 8, shared 2 ways
      L3: 16777216 bytes, linesize 64 bytes, assoc. 16, shared 6 ways
    PCI devices:
      0000:01:00.0  Id: 144d:a808  Class: 0x0108  Numa: 0
      0000:26:00.0  Id: 1b21:0612  Class: 0x0106  Numa: 0
      0000:27:00.0  Id: 10ec:8168  Class: 0x0200  Numa: 0
      0000:29:00.0  Id: 8086:24fb  Class: 0x0280  Numa: 0
      0000:2b:00.0  Id: 1022:7901  Class: 0x0106  Numa: 0
      0000:2c:00.0  Id: 1022:7901  Class: 0x0106  Numa: 0
      0000:2d:00.0  Id: 10de:1f06  Class: 0x0300  Numa: 0
      0000:30:00.0  Id: 1022:7901  Class: 0x0106  Numa: 0
      0000:31:00.0  Id: 1022:7901  Class: 0x0106  Numa: 0
  GPU info:
    Number of GPUs detected: 1
    #0: NVIDIA GeForce RTX 2060 SUPER, compute cap.: 7.5, ECC:  no, stat: compatible

Highest SIMD level requested by all nodes in run: AVX2_256
SIMD instructions selected at compile time:       AVX2_128
Compiled SIMD newer than requested; program might crash.

++++ PLEASE READ AND CITE THE FOLLOWING REFERENCE ++++
M. J. Abraham, T. Murtola, R. Schulz, S. Páll, J. C. Smith, B. Hess, E.
Lindahl
GROMACS: High performance molecular simulations through multi-level
parallelism from laptops to supercomputers
SoftwareX 1 (2015) pp. 19-25
-------- -------- --- Thank You --- -------- --------


++++ PLEASE READ AND CITE THE FOLLOWING REFERENCE ++++
S. Páll, M. J. Abraham, C. Kutzner, B. Hess, E. Lindahl
Tackling Exascale Software Challenges in Molecular Dynamics Simulations with
GROMACS
In S. Markidis & E. Laure (Eds.), Solving Software Challenges for Exascale 8759 (2015) pp. 3-27
-------- -------- --- Thank You --- -------- --------


++++ PLEASE READ AND CITE THE FOLLOWING REFERENCE ++++
S. Pronk, S. Páll, R. Schulz, P. Larsson, P. Bjelkmar, R. Apostolov, M. R.
Shirts, J. C. Smith, P. M. Kasson, D. van der Spoel, B. Hess, and E. Lindahl
GROMACS 4.5: a high-throughput and highly parallel open source molecular
simulation toolkit
Bioinformatics 29 (2013) pp. 845-54
-------- -------- --- Thank You --- -------- --------


++++ PLEASE READ AND CITE THE FOLLOWING REFERENCE ++++
B. Hess and C. Kutzner and D. van der Spoel and E. Lindahl
GROMACS 4: Algorithms for highly efficient, load-balanced, and scalable
molecular simulation
J. Chem. Theory Comput. 4 (2008) pp. 435-447
-------- -------- --- Thank You --- -------- --------


++++ PLEASE READ AND CITE THE FOLLOWING REFERENCE ++++
D. van der Spoel, E. Lindahl, B. Hess, G. Groenhof, A. E. Mark and H. J. C.
Berendsen
GROMACS: Fast, Flexible and Free
J. Comp. Chem. 26 (2005) pp. 1701-1719
-------- -------- --- Thank You --- -------- --------


++++ PLEASE READ AND CITE THE FOLLOWING REFERENCE ++++
E. Lindahl and B. Hess and D. van der Spoel
GROMACS 3.0: A package for molecular simulation and trajectory analysis
J. Mol. Mod. 7 (2001) pp. 306-317
-------- -------- --- Thank You --- -------- --------


++++ PLEASE READ AND CITE THE FOLLOWING REFERENCE ++++
H. J. C. Berendsen, D. van der Spoel and R. van Drunen
GROMACS: A message-passing parallel molecular dynamics implementation
Comp. Phys. Comm. 91 (1995) pp. 43-56
-------- -------- --- Thank You --- -------- --------


++++ PLEASE CITE THE DOI FOR THIS VERSION OF GROMACS ++++
https://doi.org/10.5281/zenodo.3460414
-------- -------- --- Thank You --- -------- --------

Input Parameters:
   integrator                     = md
   tinit                          = 0
   dt                             = 0.002
   nsteps                         = 50000
   init-step                      = 0
   simulation-part                = 1
   comm-mode                      = Linear
   nstcomm                        = 100
   bd-fric                        = 0
   ld-seed                        = -1552724230
   emtol                          = 10
   emstep                         = 0.01
   niter                          = 20
   fcstep                         = 0
   nstcgsteep                     = 1000
   nbfgscorr                      = 10
   rtpi                           = 0.05
   nstxout                        = 500
   nstvout                        = 500
   nstfout                        = 0
   nstlog                         = 500
   nstcalcenergy                  = 100
   nstenergy                      = 500
   nstxout-compressed             = 0
   compressed-x-precision         = 1000
   cutoff-scheme                  = Verlet
   nstlist                        = 10
   ns-type                        = Grid
   pbc                            = xyz
   periodic-molecules             = false
   verlet-buffer-tolerance        = 0.005
   rlist                          = 1
   coulombtype                    = PME
   coulomb-modifier               = Potential-shift
   rcoulomb-switch                = 0
   rcoulomb                       = 1
   epsilon-r                      = 1
   epsilon-rf                     = inf
   vdw-type                       = Cut-off
   vdw-modifier                   = Potential-shift
   rvdw-switch                    = 0
   rvdw                           = 1
   DispCorr                       = EnerPres
   table-extension                = 1
   fourierspacing                 = 0.16
   fourier-nx                     = 42
   fourier-ny                     = 42
   fourier-nz                     = 42
   pme-order                      = 4
   ewald-rtol                     = 1e-05
   ewald-rtol-lj                  = 0.001
   lj-pme-comb-rule               = Geometric
   ewald-geometry                 = 0
   epsilon-surface                = 0
   tcoupl                         = V-rescale
   nsttcouple                     = 10
   nh-chain-length                = 0
   print-nose-hoover-chain-variables = false
   pcoupl                         = No
   pcoupltype                     = Isotropic
   nstpcouple                     = -1
   tau-p                          = 1
   compressibility (3x3):
      compressibility[    0]={ 0.00000e+00,  0.00000e+00,  0.00000e+00}
      compressibility[    1]={ 0.00000e+00,  0.00000e+00,  0.00000e+00}
      compressibility[    2]={ 0.00000e+00,  0.00000e+00,  0.00000e+00}
   ref-p (3x3):
      ref-p[    0]={ 0.00000e+00,  0.00000e+00,  0.00000e+00}
      ref-p[    1]={ 0.00000e+00,  0.00000e+00,  0.00000e+00}
      ref-p[    2]={ 0.00000e+00,  0.00000e+00,  0.00000e+00}
   refcoord-scaling               = No
   posres-com (3):
      posres-com[0]= 0.00000e+00
      posres-com[1]= 0.00000e+00
      posres-com[2]= 0.00000e+00
   posres-comB (3):
      posres-comB[0]= 0.00000e+00
      posres-comB[1]= 0.00000e+00
      posres-comB[2]= 0.00000e+00
   QMMM                           = false
   QMconstraints                  = 0
   QMMMscheme                     = 0
   MMChargeScaleFactor            = 1
qm-opts:
   ngQM                           = 0
   constraint-algorithm           = Lincs
   continuation                   = false
   Shake-SOR                      = false
   shake-tol                      = 0.0001
   lincs-order                    = 4
   lincs-iter                     = 1
   lincs-warnangle                = 30
   nwall                          = 0
   wall-type                      = 9-3
   wall-r-linpot                  = -1
   wall-atomtype[0]               = -1
   wall-atomtype[1]               = -1
   wall-density[0]                = 0
   wall-density[1]                = 0
   wall-ewald-zfac                = 3
   pull                           = false
   awh                            = false
   rotation                       = false
   interactiveMD                  = false
   disre                          = No
   disre-weighting                = Conservative
   disre-mixed                    = false
   dr-fc                          = 1000
   dr-tau                         = 0
   nstdisreout                    = 100
   orire-fc                       = 0
   orire-tau                      = 0
   nstorireout                    = 100
   free-energy                    = no
   cos-acceleration               = 0
   deform (3x3):
      deform[    0]={ 0.00000e+00,  0.00000e+00,  0.00000e+00}
      deform[    1]={ 0.00000e+00,  0.00000e+00,  0.00000e+00}
      deform[    2]={ 0.00000e+00,  0.00000e+00,  0.00000e+00}
   simulated-tempering            = false
   swapcoords                     = no
   userint1                       = 0
   userint2                       = 0
   userint3                       = 0
   userint4                       = 0
   userreal1                      = 0
   userreal2                      = 0
   userreal3                      = 0
   userreal4                      = 0
   applied-forces:
     electric-field:
       x:
         E0                       = 0
         omega                    = 0
         t0                       = 0
         sigma                    = 0
       y:
         E0                       = 0
         omega                    = 0
         t0                       = 0
         sigma                    = 0
       z:
         E0                       = 0
         omega                    = 0
         t0                       = 0
         sigma                    = 0
grpopts:
   nrdf:     222.982       36393
   ref-t:         300         300
   tau-t:         0.1         0.1
annealing:          No          No
annealing-npoints:           0           0
   acc:	           0           0           0
   nfreeze:           N           N           N
   energygrp-flags[  0]: 0

Changing nstlist from 10 to 100, rlist from 1 to 1.16

Using 1 MPI process
Using 1 OpenMP thread 

1 GPU selected for this run.
Mapping of GPU IDs to the 2 GPU tasks in the 1 rank on this node:
  PP:0,PME:0
PP tasks will do (non-perturbed) short-ranged interactions on the GPU
PME tasks will do all aspects on the GPU

Non-default thread affinity set probably by the OpenMP library,
disabling internal thread affinity
System total charge: -0.000
Will do PME sum in reciprocal space for electrostatic interactions.

++++ PLEASE READ AND CITE THE FOLLOWING REFERENCE ++++
U. Essmann, L. Perera, M. L. Berkowitz, T. Darden, H. Lee and L. G. Pedersen 
A smooth particle mesh Ewald method
J. Chem. Phys. 103 (1995) pp. 8577-8592
-------- -------- --- Thank You --- -------- --------

Using a Gaussian width (1/beta) of 0.320163 nm for Ewald
Potential shift: LJ r^-12: -1.000e+00 r^-6: -1.000e+00, Ewald -1.000e-05
Initialized non-bonded Ewald correction tables, spacing: 9.33e-04 size: 1073

Long Range LJ corr.: <C6> 2.7900e-04
Generated table with 1079 data points for Ewald.
Tabscale = 500 points/nm
Generated table with 1079 data points for LJ6.
Tabscale = 500 points/nm
Generated table with 1079 data points for LJ12.
Tabscale = 500 points/nm
Generated table with 1079 data points for 1-4 COUL.
Tabscale = 500 points/nm
Generated table with 1079 data points for 1-4 LJ6.
Tabscale = 500 points/nm
Generated table with 1079 data points for 1-4 LJ12.
Tabscale = 500 points/nm

Using GPU 8x8 nonbonded short-range kernels

Using a dual 8x4 pair-list setup updated with dynamic, rolling pruning:
  outer list: updated every 100 steps, buffer 0.160 nm, rlist 1.160 nm
  inner list: updated every  10 steps, buffer 0.002 nm, rlist 1.002 nm
At tolerance 0.005 kJ/mol/ps per atom, equivalent classical 1x1 list would be:
  outer list: updated every 100 steps, buffer 0.308 nm, rlist 1.308 nm
  inner list: updated every  10 steps, buffer 0.043 nm, rlist 1.043 nm

Using Lorentz-Berthelot Lennard-Jones combination rule

Removing pbc first time

Initializing LINear Constraint Solver

++++ PLEASE READ AND CITE THE FOLLOWING REFERENCE ++++
B. Hess and H. Bekker and H. J. C. Berendsen and J. G. E. M. Fraaije
LINCS: A Linear Constraint Solver for molecular simulations
J. Comp. Chem. 18 (1997) pp. 1463-1472
-------- -------- --- Thank You --- -------- --------

The number of constraints is 38

++++ PLEASE READ AND CITE THE FOLLOWING REFERENCE ++++
S. Miyamoto and P. A. Kollman
SETTLE: An Analytical Version of the SHAKE and RATTLE Algorithms for Rigid
Water Models
J. Comp. Chem. 13 (1992) pp. 952-962
-------- -------- --- Thank You --- -------- --------

Center of mass motion removal mode is Linear
We have the following groups for center of mass motion removal:
  0:  rest

++++ PLEASE READ AND CITE THE FOLLOWING REFERENCE ++++
G. Bussi, D. Donadio and M. Parrinello
Canonical sampling through velocity rescaling
J. Chem. Phys. 126 (2007) pp. 014101
-------- -------- --- Thank You --- -------- --------

There are: 18285 Atoms

Constraining the starting coordinates (step 0)

Constraining the coordinates at t0-dt (step 0)
RMS relative constraint deviation after constraining: 4.61e-06
Initial temperature: 301.032 K

Started mdrun on rank 0 Mon Aug 10 13:08:47 2020

           Step           Time
              0        0.00000

   Energies (kJ/mol)
           Bond          Angle    Proper Dih.  Improper Dih.          LJ-14
    7.73138e+00    2.15136e+01    1.56352e+02    1.42465e+00    6.94226e+01
     Coulomb-14        LJ (SR)  Disper. corr.   Coulomb (SR)   Coul. recip.
    3.16150e+03    3.95035e+04   -2.09241e+03   -3.25098e+05    1.06931e+03
      Potential    Kinetic En.   Total Energy  Conserved En.    Temperature
   -2.83199e+05    4.58273e+04   -2.37372e+05   -2.37372e+05    3.01057e+02
 Pres. DC (bar) Pressure (bar)   Constr. rmsd
   -1.86518e+02   -4.71365e+03    4.49941e-06

step  200: timed with pme grid 42 42 42, coulomb cutoff 1.000: 203.1 M-cycles
step  400: timed with pme grid 36 36 36, coulomb cutoff 1.113: 220.0 M-cycles
           Step           Time
            500        1.00000

   Energies (kJ/mol)
           Bond          Angle    Proper Dih.  Improper Dih.          LJ-14
    8.48593e+01    1.30005e+02    1.76083e+02    1.59338e+01    5.19533e+01
     Coulomb-14        LJ (SR)  Disper. corr.   Coulomb (SR)   Coul. recip.
    3.11753e+03    3.83270e+04   -2.09241e+03   -2.84655e+05    7.05529e+02
      Potential    Kinetic En.   Total Energy  Conserved En.    Temperature
   -2.44139e+05    4.55326e+04   -1.98606e+05   -2.37039e+05    2.99121e+02
 Pres. DC (bar) Pressure (bar)   Constr. rmsd
   -1.86518e+02   -1.94723e+02    4.29527e-06

step  600: timed with pme grid 32 32 32, coulomb cutoff 1.253: 268.6 M-cycles
step  800: timed with pme grid 36 36 36, coulomb cutoff 1.113: 216.6 M-cycles
step 1000: timed with pme grid 40 40 40, coulomb cutoff 1.002: 202.6 M-cycles
           Step           Time
           1000        2.00000

   Energies (kJ/mol)
           Bond          Angle    Proper Dih.  Improper Dih.          LJ-14
    7.79408e+01    1.49824e+02    1.73782e+02    1.57209e+01    6.78668e+01
     Coulomb-14        LJ (SR)  Disper. corr.   Coulomb (SR)   Coul. recip.
    3.15807e+03    3.80729e+04   -2.09241e+03   -2.84383e+05    1.56790e+03
      Potential    Kinetic En.   Total Energy  Conserved En.    Temperature
   -2.43191e+05    4.61268e+04   -1.97065e+05   -2.37052e+05    3.03025e+02
 Pres. DC (bar) Pressure (bar)   Constr. rmsd
   -1.86518e+02   -1.49046e+02    2.88403e-06

step 1200: timed with pme grid 42 42 42, coulomb cutoff 1.000: 202.4 M-cycles
              optimal pme grid 42 42 42, coulomb cutoff 1.000
           Step           Time
           1500        3.00000

   Energies (kJ/mol)
           Bond          Angle    Proper Dih.  Improper Dih.          LJ-14
    9.10127e+01    1.36801e+02    1.80318e+02    1.27884e+01    7.03988e+01
     Coulomb-14        LJ (SR)  Disper. corr.   Coulomb (SR)   Coul. recip.
    3.13284e+03    3.79229e+04   -2.09241e+03   -2.84550e+05    1.55046e+03
      Potential    Kinetic En.   Total Energy  Conserved En.    Temperature
   -2.43545e+05    4.59835e+04   -1.97561e+05   -2.37045e+05    3.02083e+02
 Pres. DC (bar) Pressure (bar)   Constr. rmsd
   -1.86518e+02   -2.76699e+02    2.19600e-06

           Step           Time
           2000        4.00000

   Energies (kJ/mol)
           Bond          Angle    Proper Dih.  Improper Dih.          LJ-14
    7.14710e+01    2.07457e+02    1.82323e+02    1.56028e+01    6.37781e+01
     Coulomb-14        LJ (SR)  Disper. corr.   Coulomb (SR)   Coul. recip.
    3.08213e+03    3.83662e+04   -2.09241e+03   -2.84168e+05    1.57213e+03
      Potential    Kinetic En.   Total Energy  Conserved En.    Temperature
   -2.42700e+05    4.58572e+04   -1.96843e+05   -2.37040e+05    3.01253e+02
 Pres. DC (bar) Pressure (bar)   Constr. rmsd
   -1.86518e+02    2.49039e+01    2.16207e-06

           Step           Time
           2500        5.00000

   Energies (kJ/mol)
           Bond          Angle    Proper Dih.  Improper Dih.          LJ-14
    7.52415e+01    1.49492e+02    1.85768e+02    1.88579e+01    5.68258e+01
     Coulomb-14        LJ (SR)  Disper. corr.   Coulomb (SR)   Coul. recip.
    3.08326e+03    3.77476e+04   -2.09241e+03   -2.83594e+05    1.54952e+03
      Potential    Kinetic En.   Total Energy  Conserved En.    Temperature
   -2.42820e+05    4.53596e+04   -1.97460e+05   -2.37044e+05    2.97985e+02
 Pres. DC (bar) Pressure (bar)   Constr. rmsd
   -1.86518e+02   -2.35520e+02    3.19496e-06

           Step           Time
           3000        6.00000

   Energies (kJ/mol)
           Bond          Angle    Proper Dih.  Improper Dih.          LJ-14
    6.18550e+01    1.76567e+02    1.94734e+02    1.11121e+01    6.79968e+01
     Coulomb-14        LJ (SR)  Disper. corr.   Coulomb (SR)   Coul. recip.
    3.09610e+03    3.90800e+04   -2.09241e+03   -2.85683e+05    1.55258e+03
      Potential    Kinetic En.   Total Energy  Conserved En.    Temperature
   -2.43534e+05    4.57261e+04   -1.97808e+05   -2.37042e+05    3.00393e+02
 Pres. DC (bar) Pressure (bar)   Constr. rmsd
   -1.86518e+02    1.54370e+02    2.76972e-06

           Step           Time
           3500        7.00000

   Energies (kJ/mol)
           Bond          Angle    Proper Dih.  Improper Dih.          LJ-14
    3.82487e+01    1.49527e+02    1.79080e+02    1.69180e+01    6.76066e+01
     Coulomb-14        LJ (SR)  Disper. corr.   Coulomb (SR)   Coul. recip.
    3.12339e+03    3.80296e+04   -2.09241e+03   -2.85341e+05    1.54823e+03
      Potential    Kinetic En.   Total Energy  Conserved En.    Temperature
   -2.44281e+05    4.51868e+04   -1.99094e+05   -2.37045e+05    2.96850e+02
 Pres. DC (bar) Pressure (bar)   Constr. rmsd
   -1.86518e+02   -2.32560e+02    1.63997e-06

           Step           Time
           4000        8.00000

   Energies (kJ/mol)
           Bond          Angle    Proper Dih.  Improper Dih.          LJ-14
    8.60143e+01    1.34694e+02    1.81731e+02    1.93046e+01    7.93661e+01
     Coulomb-14        LJ (SR)  Disper. corr.   Coulomb (SR)   Coul. recip.
    3.13212e+03    3.89829e+04   -2.09241e+03   -2.85130e+05    1.57258e+03
      Potential    Kinetic En.   Total Energy  Conserved En.    Temperature
   -2.43033e+05    4.56820e+04   -1.97351e+05   -2.37036e+05    3.00103e+02
 Pres. DC (bar) Pressure (bar)   Constr. rmsd
   -1.86518e+02    2.13913e+02    3.97481e-06

           Step           Time
           4500        9.00000

   Energies (kJ/mol)
           Bond          Angle    Proper Dih.  Improper Dih.          LJ-14
    5.58908e+01    1.35752e+02    1.83333e+02    1.08471e+01    6.30191e+01
     Coulomb-14        LJ (SR)  Disper. corr.   Coulomb (SR)   Coul. recip.
    3.14936e+03    3.78526e+04   -2.09241e+03   -2.84341e+05    1.60138e+03
      Potential    Kinetic En.   Total Energy  Conserved En.    Temperature
   -2.43381e+05    4.53030e+04   -1.98078e+05   -2.37042e+05    2.97613e+02
 Pres. DC (bar) Pressure (bar)   Constr. rmsd
   -1.86518e+02   -1.72100e+02    2.30071e-06

           Step           Time
           5000       10.00000

   Energies (kJ/mol)
           Bond          Angle    Proper Dih.  Improper Dih.          LJ-14
    7.75157e+01    1.65477e+02    1.92470e+02    1.62700e+01    5.71510e+01
     Coulomb-14        LJ (SR)  Disper. corr.   Coulomb (SR)   Coul. recip.
    3.11639e+03    3.78766e+04   -2.09241e+03   -2.84580e+05    1.54868e+03
      Potential    Kinetic En.   Total Energy  Conserved En.    Temperature
   -2.43622e+05    4.54902e+04   -1.98132e+05   -2.37045e+05    2.98843e+02
 Pres. DC (bar) Pressure (bar)   Constr. rmsd
   -1.86518e+02   -2.52423e+02    3.13418e-06

           Step           Time
           5500       11.00000

   Energies (kJ/mol)
           Bond          Angle    Proper Dih.  Improper Dih.          LJ-14
    8.39178e+01    1.71493e+02    1.90567e+02    8.54301e+00    5.52958e+01
     Coulomb-14        LJ (SR)  Disper. corr.   Coulomb (SR)   Coul. recip.
    3.09079e+03    3.73723e+04   -2.09241e+03   -2.83891e+05    1.56156e+03
      Potential    Kinetic En.   Total Energy  Conserved En.    Temperature
   -2.43449e+05    4.57806e+04   -1.97668e+05   -2.37041e+05    3.00750e+02
 Pres. DC (bar) Pressure (bar)   Constr. rmsd
   -1.86518e+02   -3.26799e+02    2.17139e-06

           Step           Time
           6000       12.00000

   Energies (kJ/mol)
           Bond          Angle    Proper Dih.  Improper Dih.          LJ-14
    8.27152e+01    1.61380e+02    1.94586e+02    1.70204e+01    7.81570e+01
     Coulomb-14        LJ (SR)  Disper. corr.   Coulomb (SR)   Coul. recip.
    3.15561e+03    3.75224e+04   -2.09241e+03   -2.83469e+05    1.59097e+03
      Potential    Kinetic En.   Total Energy  Conserved En.    Temperature
   -2.42758e+05    4.53220e+04   -1.97436e+05   -2.37040e+05    2.97738e+02
 Pres. DC (bar) Pressure (bar)   Constr. rmsd
   -1.86518e+02   -2.35704e+02    2.48365e-06

           Step           Time
           6500       13.00000

   Energies (kJ/mol)
           Bond          Angle    Proper Dih.  Improper Dih.          LJ-14
    7.28392e+01    1.72424e+02    1.79589e+02    7.06809e+00    5.53883e+01
     Coulomb-14        LJ (SR)  Disper. corr.   Coulomb (SR)   Coul. recip.
    3.09676e+03    3.81595e+04   -2.09241e+03   -2.83942e+05    1.49344e+03
      Potential    Kinetic En.   Total Energy  Conserved En.    Temperature
   -2.42797e+05    4.51888e+04   -1.97608e+05   -2.37041e+05    2.96863e+02
 Pres. DC (bar) Pressure (bar)   Constr. rmsd
   -1.86518e+02   -7.65287e+01    2.33377e-06

           Step           Time
           7000       14.00000

   Energies (kJ/mol)
           Bond          Angle    Proper Dih.  Improper Dih.          LJ-14
    7.32919e+01    1.53117e+02    1.91528e+02    2.33453e+01    5.65625e+01
     Coulomb-14        LJ (SR)  Disper. corr.   Coulomb (SR)   Coul. recip.
    3.16156e+03    3.74773e+04   -2.09241e+03   -2.82718e+05    1.54545e+03
      Potential    Kinetic En.   Total Energy  Conserved En.    Temperature
   -2.42129e+05    4.56491e+04   -1.96479e+05   -2.37039e+05    2.99887e+02
 Pres. DC (bar) Pressure (bar)   Constr. rmsd
   -1.86518e+02   -1.76041e+02    2.59308e-06

           Step           Time
           7500       15.00000

   Energies (kJ/mol)
           Bond          Angle    Proper Dih.  Improper Dih.          LJ-14
    6.03916e+01    1.75553e+02    2.07411e+02    1.45522e+01    4.56574e+01
     Coulomb-14        LJ (SR)  Disper. corr.   Coulomb (SR)   Coul. recip.
    3.09342e+03    3.90022e+04   -2.09241e+03   -2.86389e+05    1.55944e+03
      Potential    Kinetic En.   Total Energy  Conserved En.    Temperature
   -2.44323e+05    4.58063e+04   -1.98516e+05   -2.37035e+05    3.00919e+02
 Pres. DC (bar) Pressure (bar)   Constr. rmsd
   -1.86518e+02    5.81364e+00    1.97535e-06

           Step           Time
           8000       16.00000

   Energies (kJ/mol)
           Bond          Angle    Proper Dih.  Improper Dih.          LJ-14
    4.69543e+01    1.47576e+02    2.10753e+02    1.28794e+01    6.06123e+01
     Coulomb-14        LJ (SR)  Disper. corr.   Coulomb (SR)   Coul. recip.
    3.12913e+03    3.73803e+04   -2.09241e+03   -2.83748e+05    1.55871e+03
      Potential    Kinetic En.   Total Energy  Conserved En.    Temperature
   -2.43293e+05    4.52276e+04   -1.98066e+05   -2.37036e+05    2.97118e+02
 Pres. DC (bar) Pressure (bar)   Constr. rmsd
   -1.86518e+02   -3.35406e+02    2.20418e-06

           Step           Time
           8500       17.00000

   Energies (kJ/mol)
           Bond          Angle    Proper Dih.  Improper Dih.          LJ-14
    7.39293e+01    1.44084e+02    1.96866e+02    7.01099e+00    5.96330e+01
     Coulomb-14        LJ (SR)  Disper. corr.   Coulomb (SR)   Coul. recip.
    3.08961e+03    3.87182e+04   -2.09241e+03   -2.85225e+05    1.65021e+03
      Potential    Kinetic En.   Total Energy  Conserved En.    Temperature
   -2.43378e+05    4.57985e+04   -1.97580e+05   -2.37041e+05    3.00868e+02
 Pres. DC (bar) Pressure (bar)   Constr. rmsd
   -1.86518e+02    5.12619e+01    5.89048e-06

           Step           Time
           9000       18.00000

   Energies (kJ/mol)
           Bond          Angle    Proper Dih.  Improper Dih.          LJ-14
    6.53662e+01    1.54004e+02    1.69634e+02    8.47612e+00    6.45236e+01
     Coulomb-14        LJ (SR)  Disper. corr.   Coulomb (SR)   Coul. recip.
    3.09440e+03    3.75303e+04   -2.09241e+03   -2.83560e+05    1.62011e+03
      Potential    Kinetic En.   Total Energy  Conserved En.    Temperature
   -2.42945e+05    4.51986e+04   -1.97747e+05   -2.37038e+05    2.96927e+02
 Pres. DC (bar) Pressure (bar)   Constr. rmsd
   -1.86518e+02   -2.37085e+02    2.17826e-06

           Step           Time
           9500       19.00000

   Energies (kJ/mol)
           Bond          Angle    Proper Dih.  Improper Dih.          LJ-14
    6.69521e+01    1.29441e+02    1.84560e+02    1.49680e+01    5.81729e+01
     Coulomb-14        LJ (SR)  Disper. corr.   Coulomb (SR)   Coul. recip.
    3.13034e+03    3.71547e+04   -2.09241e+03   -2.83507e+05    1.54633e+03
      Potential    Kinetic En.   Total Energy  Conserved En.    Temperature
   -2.43314e+05    4.50073e+04   -1.98306e+05   -2.37026e+05    2.95670e+02
 Pres. DC (bar) Pressure (bar)   Constr. rmsd
   -1.86518e+02   -4.16062e+02    1.58427e-06

           Step           Time
          10000       20.00000

   Energies (kJ/mol)
           Bond          Angle    Proper Dih.  Improper Dih.          LJ-14
    5.24962e+01    1.13546e+02    1.82847e+02    1.70650e+01    5.74926e+01
     Coulomb-14        LJ (SR)  Disper. corr.   Coulomb (SR)   Coul. recip.
    3.14820e+03    3.71119e+04   -2.09241e+03   -2.83986e+05    1.60026e+03
      Potential    Kinetic En.   Total Energy  Conserved En.    Temperature
   -2.43795e+05    4.50159e+04   -1.98779e+05   -2.37034e+05    2.95727e+02
 Pres. DC (bar) Pressure (bar)   Constr. rmsd
   -1.86518e+02   -4.64334e+02    3.64619e-06

           Step           Time
          10500       21.00000

   Energies (kJ/mol)
           Bond          Angle    Proper Dih.  Improper Dih.          LJ-14
    6.91654e+01    1.68595e+02    1.85060e+02    7.90282e+00    5.54783e+01
     Coulomb-14        LJ (SR)  Disper. corr.   Coulomb (SR)   Coul. recip.
    3.11122e+03    3.78501e+04   -2.09241e+03   -2.83789e+05    1.56925e+03
      Potential    Kinetic En.   Total Energy  Conserved En.    Temperature
   -2.42864e+05    4.55856e+04   -1.97279e+05   -2.37032e+05    2.99469e+02
 Pres. DC (bar) Pressure (bar)   Constr. rmsd
   -1.86518e+02   -1.63257e+02    3.39645e-06

           Step           Time
          11000       22.00000

   Energies (kJ/mol)
           Bond          Angle    Proper Dih.  Improper Dih.          LJ-14
    7.86007e+01    1.51855e+02    2.06016e+02    1.09398e+01    6.48420e+01
     Coulomb-14        LJ (SR)  Disper. corr.   Coulomb (SR)   Coul. recip.
    3.12166e+03    3.80043e+04   -2.09241e+03   -2.84176e+05    1.53707e+03
      Potential    Kinetic En.   Total Energy  Conserved En.    Temperature
   -2.43093e+05    4.58101e+04   -1.97283e+05   -2.37035e+05    3.00944e+02
 Pres. DC (bar) Pressure (bar)   Constr. rmsd
   -1.86518e+02   -7.41826e+01    2.30306e-06

           Step           Time
          11500       23.00000

   Energies (kJ/mol)
           Bond          Angle    Proper Dih.  Improper Dih.          LJ-14
    7.99686e+01    1.59966e+02    1.84739e+02    1.49020e+01    6.59565e+01
     Coulomb-14        LJ (SR)  Disper. corr.   Coulomb (SR)   Coul. recip.
    3.10272e+03    3.76261e+04   -2.09241e+03   -2.83434e+05    1.54985e+03
      Potential    Kinetic En.   Total Energy  Conserved En.    Temperature
   -2.42742e+05    4.56708e+04   -1.97072e+05   -2.37042e+05    3.00029e+02
 Pres. DC (bar) Pressure (bar)   Constr. rmsd
   -1.86518e+02   -1.54987e+02    2.70067e-06

           Step           Time
          12000       24.00000

   Energies (kJ/mol)
           Bond          Angle    Proper Dih.  Improper Dih.          LJ-14
    5.06398e+01    1.58584e+02    1.84042e+02    2.21565e+01    8.34327e+01
     Coulomb-14        LJ (SR)  Disper. corr.   Coulomb (SR)   Coul. recip.
    3.19451e+03    3.82543e+04   -2.09241e+03   -2.84653e+05    1.60620e+03
      Potential    Kinetic En.   Total Energy  Conserved En.    Temperature
   -2.43192e+05    4.58589e+04   -1.97333e+05   -2.37033e+05    3.01265e+02
 Pres. DC (bar) Pressure (bar)   Constr. rmsd
   -1.86518e+02   -6.01438e+01    3.27182e-06

           Step           Time
          12500       25.00000

   Energies (kJ/mol)
           Bond          Angle    Proper Dih.  Improper Dih.          LJ-14
    5.06285e+01    1.54510e+02    1.85340e+02    1.39133e+01    6.27089e+01
     Coulomb-14        LJ (SR)  Disper. corr.   Coulomb (SR)   Coul. recip.
    3.13236e+03    3.79656e+04   -2.09241e+03   -2.85133e+05    1.64173e+03
      Potential    Kinetic En.   Total Energy  Conserved En.    Temperature
   -2.44019e+05    4.57349e+04   -1.98284e+05   -2.37027e+05    3.00450e+02
 Pres. DC (bar) Pressure (bar)   Constr. rmsd
   -1.86518e+02   -2.38679e+02    2.43131e-06

           Step           Time
          13000       26.00000

   Energies (kJ/mol)
           Bond          Angle    Proper Dih.  Improper Dih.          LJ-14
    7.98342e+01    1.79888e+02    1.78604e+02    2.58164e+01    6.71115e+01
     Coulomb-14        LJ (SR)  Disper. corr.   Coulomb (SR)   Coul. recip.
    3.11730e+03    3.78873e+04   -2.09241e+03   -2.84103e+05    1.56320e+03
      Potential    Kinetic En.   Total Energy  Conserved En.    Temperature
   -2.43097e+05    4.55611e+04   -1.97536e+05   -2.37025e+05    2.99308e+02
 Pres. DC (bar) Pressure (bar)   Constr. rmsd
   -1.86518e+02   -1.93290e+02    1.95487e-06

           Step           Time
          13500       27.00000

   Energies (kJ/mol)
           Bond          Angle    Proper Dih.  Improper Dih.          LJ-14
    9.27691e+01    1.59337e+02    1.75428e+02    1.94805e+01    6.41357e+01
     Coulomb-14        LJ (SR)  Disper. corr.   Coulomb (SR)   Coul. recip.
    3.13039e+03    3.73783e+04   -2.09241e+03   -2.82446e+05    1.65180e+03
      Potential    Kinetic En.   Total Energy  Conserved En.    Temperature
   -2.41867e+05    4.63030e+04   -1.95564e+05   -2.37033e+05    3.04182e+02
 Pres. DC (bar) Pressure (bar)   Constr. rmsd
   -1.86518e+02   -1.99316e+02    3.20716e-06

           Step           Time
          14000       28.00000

   Energies (kJ/mol)
           Bond          Angle    Proper Dih.  Improper Dih.          LJ-14
    7.39270e+01    1.72334e+02    1.74148e+02    1.59278e+01    7.12702e+01
     Coulomb-14        LJ (SR)  Disper. corr.   Coulomb (SR)   Coul. recip.
    3.17210e+03    3.78648e+04   -2.09241e+03   -2.84609e+05    1.59709e+03
      Potential    Kinetic En.   Total Energy  Conserved En.    Temperature
   -2.43560e+05    4.59935e+04   -1.97567e+05   -2.37029e+05    3.02149e+02
 Pres. DC (bar) Pressure (bar)   Constr. rmsd
   -1.86518e+02   -2.08060e+02    2.72629e-06

           Step           Time
          14500       29.00000

   Energies (kJ/mol)
           Bond          Angle    Proper Dih.  Improper Dih.          LJ-14
    4.97337e+01    1.52949e+02    1.80178e+02    2.10008e+01    6.01350e+01
     Coulomb-14        LJ (SR)  Disper. corr.   Coulomb (SR)   Coul. recip.
    3.13263e+03    3.88160e+04   -2.09241e+03   -2.85450e+05    1.56224e+03
      Potential    Kinetic En.   Total Energy  Conserved En.    Temperature
   -2.43568e+05    4.59397e+04   -1.97628e+05   -2.37030e+05    3.01796e+02
 Pres. DC (bar) Pressure (bar)   Constr. rmsd
   -1.86518e+02    9.20471e+01    2.91845e-06

           Step           Time
          15000       30.00000

   Energies (kJ/mol)
           Bond          Angle    Proper Dih.  Improper Dih.          LJ-14
    7.48845e+01    1.74179e+02    1.93632e+02    2.68385e+01    6.39191e+01
     Coulomb-14        LJ (SR)  Disper. corr.   Coulomb (SR)   Coul. recip.
    3.15359e+03    3.71691e+04   -2.09241e+03   -2.83183e+05    1.55533e+03
      Potential    Kinetic En.   Total Energy  Conserved En.    Temperature
   -2.42864e+05    4.60445e+04   -1.96819e+05   -2.37035e+05    3.02484e+02
 Pres. DC (bar) Pressure (bar)   Constr. rmsd
   -1.86518e+02   -3.24766e+02    2.50541e-06

           Step           Time
          15500       31.00000

   Energies (kJ/mol)
           Bond          Angle    Proper Dih.  Improper Dih.          LJ-14
    7.29855e+01    1.40660e+02    1.83348e+02    2.02504e+01    6.54611e+01
     Coulomb-14        LJ (SR)  Disper. corr.   Coulomb (SR)   Coul. recip.
    3.13473e+03    3.81886e+04   -2.09241e+03   -2.84915e+05    1.50946e+03
      Potential    Kinetic En.   Total Energy  Conserved En.    Temperature
   -2.43692e+05    4.59322e+04   -1.97760e+05   -2.37033e+05    3.01747e+02
 Pres. DC (bar) Pressure (bar)   Constr. rmsd
   -1.86518e+02   -1.30609e+02    3.14310e-06

           Step           Time
          16000       32.00000

   Energies (kJ/mol)
           Bond          Angle    Proper Dih.  Improper Dih.          LJ-14
    7.40375e+01    1.45263e+02    1.87969e+02    9.90836e+00    6.58387e+01
     Coulomb-14        LJ (SR)  Disper. corr.   Coulomb (SR)   Coul. recip.
    3.16576e+03    3.81636e+04   -2.09241e+03   -2.84330e+05    1.54289e+03
      Potential    Kinetic En.   Total Energy  Conserved En.    Temperature
   -2.43067e+05    4.56638e+04   -1.97403e+05   -2.37028e+05    2.99983e+02
 Pres. DC (bar) Pressure (bar)   Constr. rmsd
   -1.86518e+02   -1.01842e+02    3.09250e-06

           Step           Time
          16500       33.00000

   Energies (kJ/mol)
           Bond          Angle    Proper Dih.  Improper Dih.          LJ-14
    7.95390e+01    1.47975e+02    1.67484e+02    1.70848e+01    6.29415e+01
     Coulomb-14        LJ (SR)  Disper. corr.   Coulomb (SR)   Coul. recip.
    3.14269e+03    3.77067e+04   -2.09241e+03   -2.84504e+05    1.57475e+03
      Potential    Kinetic En.   Total Energy  Conserved En.    Temperature
   -2.43697e+05    4.58220e+04   -1.97875e+05   -2.37027e+05    3.01022e+02
 Pres. DC (bar) Pressure (bar)   Constr. rmsd
   -1.86518e+02   -3.39532e+02    2.86620e-06

           Step           Time
          17000       34.00000

   Energies (kJ/mol)
           Bond          Angle    Proper Dih.  Improper Dih.          LJ-14
    7.36231e+01    1.59213e+02    1.88242e+02    1.65844e+01    6.72407e+01
     Coulomb-14        LJ (SR)  Disper. corr.   Coulomb (SR)   Coul. recip.
    3.15254e+03    3.75087e+04   -2.09241e+03   -2.83208e+05    1.54762e+03
      Potential    Kinetic En.   Total Energy  Conserved En.    Temperature
   -2.42586e+05    4.55046e+04   -1.97082e+05   -2.37017e+05    2.98938e+02
 Pres. DC (bar) Pressure (bar)   Constr. rmsd
   -1.86518e+02   -1.94945e+02    1.49987e-06

           Step           Time
          17500       35.00000

   Energies (kJ/mol)
           Bond          Angle    Proper Dih.  Improper Dih.          LJ-14
    4.12114e+01    1.79403e+02    1.78339e+02    1.82948e+01    5.66733e+01
     Coulomb-14        LJ (SR)  Disper. corr.   Coulomb (SR)   Coul. recip.
    3.14470e+03    3.75342e+04   -2.09241e+03   -2.84041e+05    1.55844e+03
      Potential    Kinetic En.   Total Energy  Conserved En.    Temperature
   -2.43422e+05    4.55065e+04   -1.97916e+05   -2.37015e+05    2.98950e+02
 Pres. DC (bar) Pressure (bar)   Constr. rmsd
   -1.86518e+02   -2.67211e+02    2.99912e-06

           Step           Time
          18000       36.00000

   Energies (kJ/mol)
           Bond          Angle    Proper Dih.  Improper Dih.          LJ-14
    7.84142e+01    1.40408e+02    1.61194e+02    1.08372e+01    8.34092e+01
     Coulomb-14        LJ (SR)  Disper. corr.   Coulomb (SR)   Coul. recip.
    3.16250e+03    3.79653e+04   -2.09241e+03   -2.83684e+05    1.55165e+03
      Potential    Kinetic En.   Total Energy  Conserved En.    Temperature
   -2.42623e+05    4.60420e+04   -1.96580e+05   -2.37022e+05    3.02468e+02
 Pres. DC (bar) Pressure (bar)   Constr. rmsd
   -1.86518e+02   -7.32050e+00    2.25492e-06

           Step           Time
          18500       37.00000

   Energies (kJ/mol)
           Bond          Angle    Proper Dih.  Improper Dih.          LJ-14
    7.17009e+01    1.76066e+02    1.62087e+02    9.45650e+00    6.25688e+01
     Coulomb-14        LJ (SR)  Disper. corr.   Coulomb (SR)   Coul. recip.
    3.11292e+03    3.91007e+04   -2.09241e+03   -2.85536e+05    1.51422e+03
      Potential    Kinetic En.   Total Energy  Conserved En.    Temperature
   -2.43419e+05    4.49829e+04   -1.98436e+05   -2.37016e+05    2.95510e+02
 Pres. DC (bar) Pressure (bar)   Constr. rmsd
   -1.86518e+02    1.33894e+02    2.06055e-06

           Step           Time
          19000       38.00000

   Energies (kJ/mol)
           Bond          Angle    Proper Dih.  Improper Dih.          LJ-14
    4.43161e+01    1.24069e+02    1.77819e+02    1.27109e+01    6.13737e+01
     Coulomb-14        LJ (SR)  Disper. corr.   Coulomb (SR)   Coul. recip.
    3.12412e+03    3.76735e+04   -2.09241e+03   -2.84362e+05    1.57339e+03
      Potential    Kinetic En.   Total Energy  Conserved En.    Temperature
   -2.43663e+05    4.56631e+04   -1.98000e+05   -2.37019e+05    2.99979e+02
 Pres. DC (bar) Pressure (bar)   Constr. rmsd
   -1.86518e+02   -2.77587e+02    3.13603e-06

           Step           Time
          19500       39.00000

   Energies (kJ/mol)
           Bond          Angle    Proper Dih.  Improper Dih.          LJ-14
    9.98087e+01    1.57214e+02    1.79305e+02    8.53950e+00    6.10948e+01
     Coulomb-14        LJ (SR)  Disper. corr.   Coulomb (SR)   Coul. recip.
    3.10920e+03    3.81430e+04   -2.09241e+03   -2.84405e+05    1.61681e+03
      Potential    Kinetic En.   Total Energy  Conserved En.    Temperature
   -2.43123e+05    4.49857e+04   -1.98137e+05   -2.37012e+05    2.95528e+02
 Pres. DC (bar) Pressure (bar)   Constr. rmsd
   -1.86518e+02   -5.54923e+01    2.75024e-06

           Step           Time
          20000       40.00000

   Energies (kJ/mol)
           Bond          Angle    Proper Dih.  Improper Dih.          LJ-14
    9.02588e+01    1.63300e+02    1.83602e+02    1.89315e+01    6.68074e+01
     Coulomb-14        LJ (SR)  Disper. corr.   Coulomb (SR)   Coul. recip.
    3.11386e+03    3.77983e+04   -2.09241e+03   -2.83922e+05    1.53786e+03
      Potential    Kinetic En.   Total Energy  Conserved En.    Temperature
   -2.43042e+05    4.59822e+04   -1.97059e+05   -2.37020e+05    3.02075e+02
 Pres. DC (bar) Pressure (bar)   Constr. rmsd
   -1.86518e+02   -7.75685e+01    3.01928e-06

           Step           Time
          20500       41.00000

   Energies (kJ/mol)
           Bond          Angle    Proper Dih.  Improper Dih.          LJ-14
    7.89828e+01    1.82776e+02    1.86390e+02    1.88482e+01    6.72725e+01
     Coulomb-14        LJ (SR)  Disper. corr.   Coulomb (SR)   Coul. recip.
    3.09491e+03    3.83407e+04   -2.09241e+03   -2.84691e+05    1.59307e+03
      Potential    Kinetic En.   Total Energy  Conserved En.    Temperature
   -2.43221e+05    4.54512e+04   -1.97770e+05   -2.37000e+05    2.98586e+02
 Pres. DC (bar) Pressure (bar)   Constr. rmsd
   -1.86518e+02   -7.71993e+01    2.41677e-06

           Step           Time
          21000       42.00000

   Energies (kJ/mol)
           Bond          Angle    Proper Dih.  Improper Dih.          LJ-14
    4.55277e+01    1.16796e+02    1.83075e+02    1.36916e+01    6.48399e+01
     Coulomb-14        LJ (SR)  Disper. corr.   Coulomb (SR)   Coul. recip.
    3.16495e+03    3.77812e+04   -2.09241e+03   -2.85343e+05    1.58976e+03
      Potential    Kinetic En.   Total Energy  Conserved En.    Temperature
   -2.44476e+05    4.47478e+04   -1.99728e+05   -2.37012e+05    2.93966e+02
 Pres. DC (bar) Pressure (bar)   Constr. rmsd
   -1.86518e+02   -3.70153e+02    3.35613e-06

           Step           Time
          21500       43.00000

   Energies (kJ/mol)
           Bond          Angle    Proper Dih.  Improper Dih.          LJ-14
    5.26782e+01    1.12935e+02    1.81801e+02    2.00278e+01    7.22779e+01
     Coulomb-14        LJ (SR)  Disper. corr.   Coulomb (SR)   Coul. recip.
    3.14867e+03    3.78604e+04   -2.09241e+03   -2.84456e+05    1.61912e+03
      Potential    Kinetic En.   Total Energy  Conserved En.    Temperature
   -2.43481e+05    4.55154e+04   -1.97966e+05   -2.37007e+05    2.99009e+02
 Pres. DC (bar) Pressure (bar)   Constr. rmsd
   -1.86518e+02   -1.80727e+02    4.16209e-06

           Step           Time
          22000       44.00000

   Energies (kJ/mol)
           Bond          Angle    Proper Dih.  Improper Dih.          LJ-14
    4.62289e+01    1.67147e+02    1.69898e+02    1.78894e+01    6.24207e+01
     Coulomb-14        LJ (SR)  Disper. corr.   Coulomb (SR)   Coul. recip.
    3.10968e+03    3.71651e+04   -2.09241e+03   -2.83916e+05    1.56284e+03
      Potential    Kinetic En.   Total Energy  Conserved En.    Temperature
   -2.43707e+05    4.56312e+04   -1.98076e+05   -2.37008e+05    2.99769e+02
 Pres. DC (bar) Pressure (bar)   Constr. rmsd
   -1.86518e+02   -4.55421e+02    3.59362e-06

           Step           Time
          22500       45.00000

   Energies (kJ/mol)
           Bond          Angle    Proper Dih.  Improper Dih.          LJ-14
    5.56959e+01    1.71911e+02    1.71078e+02    1.82610e+01    6.41091e+01
     Coulomb-14        LJ (SR)  Disper. corr.   Coulomb (SR)   Coul. recip.
    3.13990e+03    3.75643e+04   -2.09241e+03   -2.83442e+05    1.61922e+03
      Potential    Kinetic En.   Total Energy  Conserved En.    Temperature
   -2.42730e+05    4.52357e+04   -1.97495e+05   -2.36999e+05    2.97171e+02
 Pres. DC (bar) Pressure (bar)   Constr. rmsd
   -1.86518e+02   -2.88678e+02    4.68863e-06

           Step           Time
          23000       46.00000

   Energies (kJ/mol)
           Bond          Angle    Proper Dih.  Improper Dih.          LJ-14
    6.49069e+01    1.66225e+02    1.81237e+02    1.19261e+01    6.43225e+01
     Coulomb-14        LJ (SR)  Disper. corr.   Coulomb (SR)   Coul. recip.
    3.10543e+03    3.79508e+04   -2.09241e+03   -2.84675e+05    1.55200e+03
      Potential    Kinetic En.   Total Energy  Conserved En.    Temperature
   -2.43671e+05    4.62202e+04   -1.97451e+05   -2.37001e+05    3.03638e+02
 Pres. DC (bar) Pressure (bar)   Constr. rmsd
   -1.86518e+02   -1.88823e+02    3.57072e-06

           Step           Time
          23500       47.00000

   Energies (kJ/mol)
           Bond          Angle    Proper Dih.  Improper Dih.          LJ-14
    5.56317e+01    1.85433e+02    1.75114e+02    1.19814e+01    7.79414e+01
     Coulomb-14        LJ (SR)  Disper. corr.   Coulomb (SR)   Coul. recip.
    3.12056e+03    3.81562e+04   -2.09241e+03   -2.84582e+05    1.59679e+03
      Potential    Kinetic En.   Total Energy  Conserved En.    Temperature
   -2.43295e+05    4.57743e+04   -1.97520e+05   -2.37005e+05    3.00709e+02
 Pres. DC (bar) Pressure (bar)   Constr. rmsd
   -1.86518e+02   -8.10807e+01    3.04618e-06

           Step           Time
          24000       48.00000

   Energies (kJ/mol)
           Bond          Angle    Proper Dih.  Improper Dih.          LJ-14
    6.53650e+01    1.85844e+02    1.81202e+02    8.49073e+00    5.23009e+01
     Coulomb-14        LJ (SR)  Disper. corr.   Coulomb (SR)   Coul. recip.
    3.10017e+03    3.86206e+04   -2.09241e+03   -2.84857e+05    1.52599e+03
      Potential    Kinetic En.   Total Energy  Conserved En.    Temperature
   -2.43209e+05    4.59293e+04   -1.97280e+05   -2.36998e+05    3.01727e+02
 Pres. DC (bar) Pressure (bar)   Constr. rmsd
   -1.86518e+02    2.73945e+01    3.58099e-06

           Step           Time
          24500       49.00000

   Energies (kJ/mol)
           Bond          Angle    Proper Dih.  Improper Dih.          LJ-14
    9.32480e+01    1.61070e+02    1.84530e+02    2.26071e+01    5.27604e+01
     Coulomb-14        LJ (SR)  Disper. corr.   Coulomb (SR)   Coul. recip.
    3.07377e+03    3.82641e+04   -2.09241e+03   -2.84967e+05    1.57548e+03
      Potential    Kinetic En.   Total Energy  Conserved En.    Temperature
   -2.43632e+05    4.62812e+04   -1.97351e+05   -2.37001e+05    3.04039e+02
 Pres. DC (bar) Pressure (bar)   Constr. rmsd
   -1.86518e+02   -1.45543e+02    4.35871e-06

           Step           Time
          25000       50.00000

   Energies (kJ/mol)
           Bond          Angle    Proper Dih.  Improper Dih.          LJ-14
    5.90856e+01    1.71556e+02    1.70519e+02    1.62879e+01    6.02341e+01
     Coulomb-14        LJ (SR)  Disper. corr.   Coulomb (SR)   Coul. recip.
    3.12806e+03    3.92027e+04   -2.09241e+03   -2.86123e+05    1.62401e+03
      Potential    Kinetic En.   Total Energy  Conserved En.    Temperature
   -2.43783e+05    4.57897e+04   -1.97993e+05   -2.36999e+05    3.00810e+02
 Pres. DC (bar) Pressure (bar)   Constr. rmsd
   -1.86518e+02    1.36814e+02    2.64813e-06

           Step           Time
          25500       51.00000

   Energies (kJ/mol)
           Bond          Angle    Proper Dih.  Improper Dih.          LJ-14
    6.84616e+01    1.47669e+02    1.72870e+02    1.75561e+01    6.44016e+01
     Coulomb-14        LJ (SR)  Disper. corr.   Coulomb (SR)   Coul. recip.
    3.10056e+03    3.76894e+04   -2.09241e+03   -2.83846e+05    1.65651e+03
      Potential    Kinetic En.   Total Energy  Conserved En.    Temperature
   -2.43021e+05    4.49191e+04   -1.98102e+05   -2.36991e+05    2.95091e+02
 Pres. DC (bar) Pressure (bar)   Constr. rmsd
   -1.86518e+02   -2.74456e+02    3.78886e-06

           Step           Time
          26000       52.00000

   Energies (kJ/mol)
           Bond          Angle    Proper Dih.  Improper Dih.          LJ-14
    8.16545e+01    1.59029e+02    1.88422e+02    2.26134e+01    5.55981e+01
     Coulomb-14        LJ (SR)  Disper. corr.   Coulomb (SR)   Coul. recip.
    3.13324e+03    3.81445e+04   -2.09241e+03   -2.84455e+05    1.54552e+03
      Potential    Kinetic En.   Total Energy  Conserved En.    Temperature
   -2.43217e+05    4.57279e+04   -1.97489e+05   -2.36997e+05    3.00404e+02
 Pres. DC (bar) Pressure (bar)   Constr. rmsd
   -1.86518e+02   -8.64435e+01    2.79997e-06

           Step           Time
          26500       53.00000

   Energies (kJ/mol)
           Bond          Angle    Proper Dih.  Improper Dih.          LJ-14
    7.55309e+01    1.37537e+02    1.88900e+02    1.77535e+01    6.94395e+01
     Coulomb-14        LJ (SR)  Disper. corr.   Coulomb (SR)   Coul. recip.
    3.13141e+03    3.83506e+04   -2.09241e+03   -2.85139e+05    1.55153e+03
      Potential    Kinetic En.   Total Energy  Conserved En.    Temperature
   -2.43708e+05    4.58905e+04   -1.97818e+05   -2.36995e+05    3.01473e+02
 Pres. DC (bar) Pressure (bar)   Constr. rmsd
   -1.86518e+02   -1.09581e+02    3.30627e-06

           Step           Time
          27000       54.00000

   Energies (kJ/mol)
           Bond          Angle    Proper Dih.  Improper Dih.          LJ-14
    8.11044e+01    1.48797e+02    1.75069e+02    1.25672e+01    7.51814e+01
     Coulomb-14        LJ (SR)  Disper. corr.   Coulomb (SR)   Coul. recip.
    3.14283e+03    3.84078e+04   -2.09241e+03   -2.85050e+05    1.55417e+03
      Potential    Kinetic En.   Total Energy  Conserved En.    Temperature
   -2.43545e+05    4.53384e+04   -1.98207e+05   -2.36991e+05    2.97845e+02
 Pres. DC (bar) Pressure (bar)   Constr. rmsd
   -1.86518e+02   -3.40935e+01    2.81678e-06

           Step           Time
          27500       55.00000

   Energies (kJ/mol)
           Bond          Angle    Proper Dih.  Improper Dih.          LJ-14
    4.72317e+01    1.36902e+02    1.68664e+02    1.55580e+01    6.76816e+01
     Coulomb-14        LJ (SR)  Disper. corr.   Coulomb (SR)   Coul. recip.
    3.14210e+03    3.81139e+04   -2.09241e+03   -2.84333e+05    1.55510e+03
      Potential    Kinetic En.   Total Energy  Conserved En.    Temperature
   -2.43178e+05    4.56168e+04   -1.97562e+05   -2.37002e+05    2.99675e+02
 Pres. DC (bar) Pressure (bar)   Constr. rmsd
   -1.86518e+02   -8.39625e+01    4.22367e-06

           Step           Time
          28000       56.00000

   Energies (kJ/mol)
           Bond          Angle    Proper Dih.  Improper Dih.          LJ-14
    8.18338e+01    1.50341e+02    1.81577e+02    1.71556e+01    7.23206e+01
     Coulomb-14        LJ (SR)  Disper. corr.   Coulomb (SR)   Coul. recip.
    3.14310e+03    3.81016e+04   -2.09241e+03   -2.84487e+05    1.63061e+03
      Potential    Kinetic En.   Total Energy  Conserved En.    Temperature
   -2.43201e+05    4.56860e+04   -1.97515e+05   -2.36989e+05    3.00129e+02
 Pres. DC (bar) Pressure (bar)   Constr. rmsd
   -1.86518e+02   -1.23294e+02    1.98552e-06

           Step           Time
          28500       57.00000

   Energies (kJ/mol)
           Bond          Angle    Proper Dih.  Improper Dih.          LJ-14
    9.45242e+01    1.47324e+02    1.99393e+02    1.19339e+01    6.98242e+01
     Coulomb-14        LJ (SR)  Disper. corr.   Coulomb (SR)   Coul. recip.
    3.14316e+03    3.88968e+04   -2.09241e+03   -2.85407e+05    1.55102e+03
      Potential    Kinetic En.   Total Energy  Conserved En.    Temperature
   -2.43385e+05    4.56092e+04   -1.97776e+05   -2.36988e+05    2.99624e+02
 Pres. DC (bar) Pressure (bar)   Constr. rmsd
   -1.86518e+02    5.36005e+00    2.31590e-06

           Step           Time
          29000       58.00000

   Energies (kJ/mol)
           Bond          Angle    Proper Dih.  Improper Dih.          LJ-14
    8.63411e+01    1.78825e+02    2.15200e+02    1.78586e+01    7.25046e+01
     Coulomb-14        LJ (SR)  Disper. corr.   Coulomb (SR)   Coul. recip.
    3.14802e+03    3.80827e+04   -2.09241e+03   -2.84004e+05    1.66358e+03
      Potential    Kinetic En.   Total Energy  Conserved En.    Temperature
   -2.42632e+05    4.62008e+04   -1.96431e+05   -2.36999e+05    3.03511e+02
 Pres. DC (bar) Pressure (bar)   Constr. rmsd
   -1.86518e+02   -4.64018e+01    2.87600e-06

           Step           Time
          29500       59.00000

   Energies (kJ/mol)
           Bond          Angle    Proper Dih.  Improper Dih.          LJ-14
    6.75137e+01    1.68674e+02    2.06738e+02    2.86613e+01    6.41497e+01
     Coulomb-14        LJ (SR)  Disper. corr.   Coulomb (SR)   Coul. recip.
    3.13139e+03    3.75692e+04   -2.09241e+03   -2.83224e+05    1.64471e+03
      Potential    Kinetic En.   Total Energy  Conserved En.    Temperature
   -2.42435e+05    4.53206e+04   -1.97115e+05   -2.36994e+05    2.97729e+02
 Pres. DC (bar) Pressure (bar)   Constr. rmsd
   -1.86518e+02   -1.38750e+02    2.22886e-06

           Step           Time
          30000       60.00000

   Energies (kJ/mol)
           Bond          Angle    Proper Dih.  Improper Dih.          LJ-14
    6.24418e+01    1.55901e+02    1.97734e+02    8.45124e+00    7.12339e+01
     Coulomb-14        LJ (SR)  Disper. corr.   Coulomb (SR)   Coul. recip.
    3.14511e+03    3.79425e+04   -2.09241e+03   -2.84011e+05    1.55755e+03
      Potential    Kinetic En.   Total Energy  Conserved En.    Temperature
   -2.42962e+05    4.57103e+04   -1.97252e+05   -2.36990e+05    3.00289e+02
 Pres. DC (bar) Pressure (bar)   Constr. rmsd
   -1.86518e+02   -1.48368e+02    2.68874e-06

           Step           Time
          30500       61.00000

   Energies (kJ/mol)
           Bond          Angle    Proper Dih.  Improper Dih.          LJ-14
    5.28182e+01    1.63827e+02    1.74478e+02    1.90959e+01    7.48107e+01
     Coulomb-14        LJ (SR)  Disper. corr.   Coulomb (SR)   Coul. recip.
    3.15305e+03    3.78394e+04   -2.09241e+03   -2.84325e+05    1.53299e+03
      Potential    Kinetic En.   Total Energy  Conserved En.    Temperature
   -2.43406e+05    4.58660e+04   -1.97540e+05   -2.36988e+05    3.01311e+02
 Pres. DC (bar) Pressure (bar)   Constr. rmsd
   -1.86518e+02   -1.66025e+02    2.81369e-06

           Step           Time
          31000       62.00000

   Energies (kJ/mol)
           Bond          Angle    Proper Dih.  Improper Dih.          LJ-14
    7.78898e+01    1.30703e+02    1.69393e+02    7.36056e+00    6.75014e+01
     Coulomb-14        LJ (SR)  Disper. corr.   Coulomb (SR)   Coul. recip.
    3.14327e+03    3.80473e+04   -2.09241e+03   -2.84843e+05    1.52082e+03
      Potential    Kinetic En.   Total Energy  Conserved En.    Temperature
   -2.43772e+05    4.49421e+04   -1.98829e+05   -2.36995e+05    2.95242e+02
 Pres. DC (bar) Pressure (bar)   Constr. rmsd
   -1.86518e+02   -1.99663e+02    2.08143e-06

           Step           Time
          31500       63.00000

   Energies (kJ/mol)
           Bond          Angle    Proper Dih.  Improper Dih.          LJ-14
    6.51473e+01    1.63911e+02    1.78852e+02    2.26739e+01    6.33198e+01
     Coulomb-14        LJ (SR)  Disper. corr.   Coulomb (SR)   Coul. recip.
    3.10125e+03    3.87580e+04   -2.09241e+03   -2.84844e+05    1.61643e+03
      Potential    Kinetic En.   Total Energy  Conserved En.    Temperature
   -2.42966e+05    4.56124e+04   -1.97354e+05   -2.36981e+05    2.99646e+02
 Pres. DC (bar) Pressure (bar)   Constr. rmsd
   -1.86518e+02    1.44450e+02    4.34339e-06

           Step           Time
          32000       64.00000

   Energies (kJ/mol)
           Bond          Angle    Proper Dih.  Improper Dih.          LJ-14
    6.87946e+01    1.60601e+02    1.68733e+02    1.18240e+01    6.31221e+01
     Coulomb-14        LJ (SR)  Disper. corr.   Coulomb (SR)   Coul. recip.
    3.13089e+03    3.84290e+04   -2.09241e+03   -2.84724e+05    1.61426e+03
      Potential    Kinetic En.   Total Energy  Conserved En.    Temperature
   -2.43169e+05    4.58837e+04   -1.97285e+05   -2.36990e+05    3.01428e+02
 Pres. DC (bar) Pressure (bar)   Constr. rmsd
   -1.86518e+02   -3.35395e+01    3.72276e-06

           Step           Time
          32500       65.00000

   Energies (kJ/mol)
           Bond          Angle    Proper Dih.  Improper Dih.          LJ-14
    6.03011e+01    1.64971e+02    1.68315e+02    1.39174e+01    7.04704e+01
     Coulomb-14        LJ (SR)  Disper. corr.   Coulomb (SR)   Coul. recip.
    3.10937e+03    3.83016e+04   -2.09241e+03   -2.85638e+05    1.55712e+03
      Potential    Kinetic En.   Total Energy  Conserved En.    Temperature
   -2.44284e+05    4.59800e+04   -1.98304e+05   -2.36997e+05    3.02061e+02
 Pres. DC (bar) Pressure (bar)   Constr. rmsd
   -1.86518e+02   -8.34243e+01    2.55760e-06

           Step           Time
          33000       66.00000

   Energies (kJ/mol)
           Bond          Angle    Proper Dih.  Improper Dih.          LJ-14
    6.16042e+01    1.70698e+02    1.62575e+02    1.56535e+01    7.43449e+01
     Coulomb-14        LJ (SR)  Disper. corr.   Coulomb (SR)   Coul. recip.
    3.13153e+03    3.81753e+04   -2.09241e+03   -2.84694e+05    1.55137e+03
      Potential    Kinetic En.   Total Energy  Conserved En.    Temperature
   -2.43443e+05    4.53889e+04   -1.98054e+05   -2.36978e+05    2.98177e+02
 Pres. DC (bar) Pressure (bar)   Constr. rmsd
   -1.86518e+02   -1.01113e+02    2.73338e-06

           Step           Time
          33500       67.00000

   Energies (kJ/mol)
           Bond          Angle    Proper Dih.  Improper Dih.          LJ-14
    7.71835e+01    1.40900e+02    1.85272e+02    2.11140e+01    7.61435e+01
     Coulomb-14        LJ (SR)  Disper. corr.   Coulomb (SR)   Coul. recip.
    3.16955e+03    3.84539e+04   -2.09241e+03   -2.86269e+05    1.53835e+03
      Potential    Kinetic En.   Total Energy  Conserved En.    Temperature
   -2.44699e+05    4.63341e+04   -1.98365e+05   -2.36990e+05    3.04387e+02
 Pres. DC (bar) Pressure (bar)   Constr. rmsd
   -1.86518e+02   -8.31925e+01    2.33864e-06

           Step           Time
          34000       68.00000

   Energies (kJ/mol)
           Bond          Angle    Proper Dih.  Improper Dih.          LJ-14
    7.50477e+01    1.74317e+02    1.66888e+02    2.93763e+01    7.61860e+01
     Coulomb-14        LJ (SR)  Disper. corr.   Coulomb (SR)   Coul. recip.
    3.11489e+03    3.70529e+04   -2.09241e+03   -2.83220e+05    1.56507e+03
      Potential    Kinetic En.   Total Energy  Conserved En.    Temperature
   -2.43058e+05    4.58545e+04   -1.97204e+05   -2.36993e+05    3.01236e+02
 Pres. DC (bar) Pressure (bar)   Constr. rmsd
   -1.86518e+02   -3.74930e+02    2.39428e-06

           Step           Time
          34500       69.00000

   Energies (kJ/mol)
           Bond          Angle    Proper Dih.  Improper Dih.          LJ-14
    5.28959e+01    2.08702e+02    1.75580e+02    1.36587e+01    5.15095e+01
     Coulomb-14        LJ (SR)  Disper. corr.   Coulomb (SR)   Coul. recip.
    3.10257e+03    3.85035e+04   -2.09241e+03   -2.85107e+05    1.58535e+03
      Potential    Kinetic En.   Total Energy  Conserved En.    Temperature
   -2.43505e+05    4.57770e+04   -1.97728e+05   -2.36990e+05    3.00727e+02
 Pres. DC (bar) Pressure (bar)   Constr. rmsd
   -1.86518e+02   -5.63221e+01    2.45922e-06

           Step           Time
          35000       70.00000

   Energies (kJ/mol)
           Bond          Angle    Proper Dih.  Improper Dih.          LJ-14
    5.20459e+01    1.54759e+02    1.97771e+02    2.82901e+01    6.95144e+01
     Coulomb-14        LJ (SR)  Disper. corr.   Coulomb (SR)   Coul. recip.
    3.10687e+03    3.75647e+04   -2.09241e+03   -2.84086e+05    1.53701e+03
      Potential    Kinetic En.   Total Energy  Conserved En.    Temperature
   -2.43467e+05    4.57358e+04   -1.97732e+05   -2.36990e+05    3.00456e+02
 Pres. DC (bar) Pressure (bar)   Constr. rmsd
   -1.86518e+02   -2.47545e+02    2.18088e-06

           Step           Time
          35500       71.00000

   Energies (kJ/mol)
           Bond          Angle    Proper Dih.  Improper Dih.          LJ-14
    6.96703e+01    1.59357e+02    1.80678e+02    1.83962e+01    6.57822e+01
     Coulomb-14        LJ (SR)  Disper. corr.   Coulomb (SR)   Coul. recip.
    3.09378e+03    3.73807e+04   -2.09241e+03   -2.82952e+05    1.53231e+03
      Potential    Kinetic En.   Total Energy  Conserved En.    Temperature
   -2.42544e+05    4.62122e+04   -1.96332e+05   -2.37003e+05    3.03586e+02
 Pres. DC (bar) Pressure (bar)   Constr. rmsd
   -1.86518e+02   -1.76007e+02    3.55288e-06

           Step           Time
          36000       72.00000

   Energies (kJ/mol)
           Bond          Angle    Proper Dih.  Improper Dih.          LJ-14
    5.62164e+01    1.98941e+02    1.70638e+02    1.24111e+01    6.50867e+01
     Coulomb-14        LJ (SR)  Disper. corr.   Coulomb (SR)   Coul. recip.
    3.11575e+03    3.79597e+04   -2.09241e+03   -2.83974e+05    1.59694e+03
      Potential    Kinetic En.   Total Energy  Conserved En.    Temperature
   -2.42891e+05    4.59427e+04   -1.96949e+05   -2.36991e+05    3.01816e+02
 Pres. DC (bar) Pressure (bar)   Constr. rmsd
   -1.86518e+02   -1.19601e+02    2.64007e-06

           Step           Time
          36500       73.00000

   Energies (kJ/mol)
           Bond          Angle    Proper Dih.  Improper Dih.          LJ-14
    3.84209e+01    1.41199e+02    1.92094e+02    2.28449e+01    8.16284e+01
     Coulomb-14        LJ (SR)  Disper. corr.   Coulomb (SR)   Coul. recip.
    3.15706e+03    3.85909e+04   -2.09241e+03   -2.85214e+05    1.59601e+03
      Potential    Kinetic En.   Total Energy  Conserved En.    Temperature
   -2.43486e+05    4.51898e+04   -1.98296e+05   -2.36983e+05    2.96870e+02
 Pres. DC (bar) Pressure (bar)   Constr. rmsd
   -1.86518e+02   -6.24835e+00    2.72942e-06

           Step           Time
          37000       74.00000

   Energies (kJ/mol)
           Bond          Angle    Proper Dih.  Improper Dih.          LJ-14
    8.86785e+01    1.65069e+02    1.85764e+02    8.35576e+00    4.84274e+01
     Coulomb-14        LJ (SR)  Disper. corr.   Coulomb (SR)   Coul. recip.
    3.08426e+03    3.74816e+04   -2.09241e+03   -2.83947e+05    1.61276e+03
      Potential    Kinetic En.   Total Energy  Conserved En.    Temperature
   -2.43365e+05    4.52794e+04   -1.98086e+05   -2.36975e+05    2.97458e+02
 Pres. DC (bar) Pressure (bar)   Constr. rmsd
   -1.86518e+02   -3.68264e+02    2.82470e-06

           Step           Time
          37500       75.00000

   Energies (kJ/mol)
           Bond          Angle    Proper Dih.  Improper Dih.          LJ-14
    6.54241e+01    1.91577e+02    1.93761e+02    1.65196e+01    6.27046e+01
     Coulomb-14        LJ (SR)  Disper. corr.   Coulomb (SR)   Coul. recip.
    3.08913e+03    3.93516e+04   -2.09241e+03   -2.85851e+05    1.59572e+03
      Potential    Kinetic En.   Total Energy  Conserved En.    Temperature
   -2.43377e+05    4.61500e+04   -1.97227e+05   -2.36981e+05    3.03177e+02
 Pres. DC (bar) Pressure (bar)   Constr. rmsd
   -1.86518e+02    2.12766e+02    3.68653e-06

           Step           Time
          38000       76.00000

   Energies (kJ/mol)
           Bond          Angle    Proper Dih.  Improper Dih.          LJ-14
    7.53773e+01    1.84702e+02    1.85517e+02    1.54522e+01    6.56545e+01
     Coulomb-14        LJ (SR)  Disper. corr.   Coulomb (SR)   Coul. recip.
    3.10250e+03    3.83961e+04   -2.09241e+03   -2.85151e+05    1.57009e+03
      Potential    Kinetic En.   Total Energy  Conserved En.    Temperature
   -2.43648e+05    4.54972e+04   -1.98151e+05   -2.36981e+05    2.98889e+02
 Pres. DC (bar) Pressure (bar)   Constr. rmsd
   -1.86518e+02   -5.05249e+01    1.96850e-06

           Step           Time
          38500       77.00000

   Energies (kJ/mol)
           Bond          Angle    Proper Dih.  Improper Dih.          LJ-14
    6.90428e+01    1.70894e+02    2.00721e+02    1.80488e+01    7.71487e+01
     Coulomb-14        LJ (SR)  Disper. corr.   Coulomb (SR)   Coul. recip.
    3.10763e+03    3.84449e+04   -2.09241e+03   -2.85331e+05    1.61683e+03
      Potential    Kinetic En.   Total Energy  Conserved En.    Temperature
   -2.43718e+05    4.63945e+04   -1.97324e+05   -2.36988e+05    3.04783e+02
 Pres. DC (bar) Pressure (bar)   Constr. rmsd
   -1.86518e+02   -6.45015e+01    3.12296e-06

           Step           Time
          39000       78.00000

   Energies (kJ/mol)
           Bond          Angle    Proper Dih.  Improper Dih.          LJ-14
    6.17448e+01    1.73184e+02    1.72043e+02    2.00534e+01    7.43883e+01
     Coulomb-14        LJ (SR)  Disper. corr.   Coulomb (SR)   Coul. recip.
    3.13666e+03    3.85100e+04   -2.09241e+03   -2.84895e+05    1.56438e+03
      Potential    Kinetic En.   Total Energy  Conserved En.    Temperature
   -2.43275e+05    4.62132e+04   -1.97062e+05   -2.36983e+05    3.03593e+02
 Pres. DC (bar) Pressure (bar)   Constr. rmsd
   -1.86518e+02   -2.40521e+00    3.39200e-06

           Step           Time
          39500       79.00000

   Energies (kJ/mol)
           Bond          Angle    Proper Dih.  Improper Dih.          LJ-14
    4.15807e+01    1.75783e+02    2.22168e+02    2.56998e+01    5.82114e+01
     Coulomb-14        LJ (SR)  Disper. corr.   Coulomb (SR)   Coul. recip.
    3.09033e+03    3.76745e+04   -2.09241e+03   -2.84448e+05    1.58115e+03
      Potential    Kinetic En.   Total Energy  Conserved En.    Temperature
   -2.43671e+05    4.62758e+04   -1.97395e+05   -2.36981e+05    3.04004e+02
 Pres. DC (bar) Pressure (bar)   Constr. rmsd
   -1.86518e+02   -2.36598e+02    6.17551e-06

           Step           Time
          40000       80.00000

   Energies (kJ/mol)
           Bond          Angle    Proper Dih.  Improper Dih.          LJ-14
    6.03404e+01    1.46038e+02    1.88544e+02    1.77147e+01    5.78682e+01
     Coulomb-14        LJ (SR)  Disper. corr.   Coulomb (SR)   Coul. recip.
    3.07174e+03    3.81688e+04   -2.09241e+03   -2.84985e+05    1.56904e+03
      Potential    Kinetic En.   Total Energy  Conserved En.    Temperature
   -2.43797e+05    4.55749e+04   -1.98222e+05   -2.36977e+05    2.99400e+02
 Pres. DC (bar) Pressure (bar)   Constr. rmsd
   -1.86518e+02   -1.47555e+02    3.78011e-06

           Step           Time
          40500       81.00000

   Energies (kJ/mol)
           Bond          Angle    Proper Dih.  Improper Dih.          LJ-14
    7.51098e+01    1.88589e+02    1.87633e+02    2.71702e+01    5.26647e+01
     Coulomb-14        LJ (SR)  Disper. corr.   Coulomb (SR)   Coul. recip.
    3.06070e+03    3.76048e+04   -2.09241e+03   -2.83789e+05    1.59410e+03
      Potential    Kinetic En.   Total Energy  Conserved En.    Temperature
   -2.43091e+05    4.57421e+04   -1.97349e+05   -2.36967e+05    3.00498e+02
 Pres. DC (bar) Pressure (bar)   Constr. rmsd
   -1.86518e+02   -1.81880e+02    3.75258e-06

           Step           Time
          41000       82.00000

   Energies (kJ/mol)
           Bond          Angle    Proper Dih.  Improper Dih.          LJ-14
    7.10367e+01    1.69891e+02    1.82117e+02    2.27649e+01    5.21796e+01
     Coulomb-14        LJ (SR)  Disper. corr.   Coulomb (SR)   Coul. recip.
    3.08006e+03    3.88362e+04   -2.09241e+03   -2.85856e+05    1.56813e+03
      Potential    Kinetic En.   Total Energy  Conserved En.    Temperature
   -2.43966e+05    4.54409e+04   -1.98526e+05   -2.36976e+05    2.98519e+02
 Pres. DC (bar) Pressure (bar)   Constr. rmsd
   -1.86518e+02   -2.64864e+01    5.19175e-06

           Step           Time
          41500       83.00000

   Energies (kJ/mol)
           Bond          Angle    Proper Dih.  Improper Dih.          LJ-14
    7.70789e+01    1.65322e+02    1.94509e+02    2.05231e+01    6.20379e+01
     Coulomb-14        LJ (SR)  Disper. corr.   Coulomb (SR)   Coul. recip.
    3.10668e+03    3.78113e+04   -2.09241e+03   -2.84417e+05    1.57397e+03
      Potential    Kinetic En.   Total Energy  Conserved En.    Temperature
   -2.43498e+05    4.58497e+04   -1.97648e+05   -2.36972e+05    3.01204e+02
 Pres. DC (bar) Pressure (bar)   Constr. rmsd
   -1.86518e+02   -2.70635e+02    2.48599e-06

           Step           Time
          42000       84.00000

   Energies (kJ/mol)
           Bond          Angle    Proper Dih.  Improper Dih.          LJ-14
    5.93535e+01    1.51456e+02    1.89046e+02    1.04173e+01    6.07918e+01
     Coulomb-14        LJ (SR)  Disper. corr.   Coulomb (SR)   Coul. recip.
    3.11339e+03    3.85906e+04   -2.09241e+03   -2.85646e+05    1.56362e+03
      Potential    Kinetic En.   Total Energy  Conserved En.    Temperature
   -2.44000e+05    4.53349e+04   -1.98665e+05   -2.36968e+05    2.97823e+02
 Pres. DC (bar) Pressure (bar)   Constr. rmsd
   -1.86518e+02   -3.34028e+01    2.75369e-06

           Step           Time
          42500       85.00000

   Energies (kJ/mol)
           Bond          Angle    Proper Dih.  Improper Dih.          LJ-14
    6.23498e+01    1.75493e+02    1.92412e+02    1.30428e+01    7.41580e+01
     Coulomb-14        LJ (SR)  Disper. corr.   Coulomb (SR)   Coul. recip.
    3.12476e+03    3.90062e+04   -2.09241e+03   -2.85691e+05    1.52312e+03
      Potential    Kinetic En.   Total Energy  Conserved En.    Temperature
   -2.43611e+05    4.54571e+04   -1.98154e+05   -2.36970e+05    2.98625e+02
 Pres. DC (bar) Pressure (bar)   Constr. rmsd
   -1.86518e+02    1.23880e+02    1.95377e-06

           Step           Time
          43000       86.00000

   Energies (kJ/mol)
           Bond          Angle    Proper Dih.  Improper Dih.          LJ-14
    7.55861e+01    1.43001e+02    1.86800e+02    1.54039e+01    6.49472e+01
     Coulomb-14        LJ (SR)  Disper. corr.   Coulomb (SR)   Coul. recip.
    3.09992e+03    3.89768e+04   -2.09241e+03   -2.85752e+05    1.59297e+03
      Potential    Kinetic En.   Total Energy  Conserved En.    Temperature
   -2.43689e+05    4.61305e+04   -1.97559e+05   -2.36977e+05    3.03049e+02
 Pres. DC (bar) Pressure (bar)   Constr. rmsd
   -1.86518e+02    6.09108e+01    2.41597e-06

           Step           Time
          43500       87.00000

   Energies (kJ/mol)
           Bond          Angle    Proper Dih.  Improper Dih.          LJ-14
    4.29581e+01    1.27467e+02    1.82186e+02    1.18340e+01    7.19834e+01
     Coulomb-14        LJ (SR)  Disper. corr.   Coulomb (SR)   Coul. recip.
    3.11567e+03    3.82658e+04   -2.09241e+03   -2.85135e+05    1.55724e+03
      Potential    Kinetic En.   Total Energy  Conserved En.    Temperature
   -2.43852e+05    4.53459e+04   -1.98506e+05   -2.36979e+05    2.97895e+02
 Pres. DC (bar) Pressure (bar)   Constr. rmsd
   -1.86518e+02   -1.06324e+02    3.12638e-06

           Step           Time
          44000       88.00000

   Energies (kJ/mol)
           Bond          Angle    Proper Dih.  Improper Dih.          LJ-14
    6.58934e+01    1.49789e+02    1.86474e+02    2.64793e+01    8.03797e+01
     Coulomb-14        LJ (SR)  Disper. corr.   Coulomb (SR)   Coul. recip.
    3.15015e+03    3.81322e+04   -2.09241e+03   -2.84162e+05    1.54519e+03
      Potential    Kinetic En.   Total Energy  Conserved En.    Temperature
   -2.42918e+05    4.54969e+04   -1.97421e+05   -2.36971e+05    2.98887e+02
 Pres. DC (bar) Pressure (bar)   Constr. rmsd
   -1.86518e+02   -9.45600e+01    3.14875e-06

           Step           Time
          44500       89.00000

   Energies (kJ/mol)
           Bond          Angle    Proper Dih.  Improper Dih.          LJ-14
    5.74006e+01    1.40295e+02    1.98310e+02    3.03645e+01    6.25399e+01
     Coulomb-14        LJ (SR)  Disper. corr.   Coulomb (SR)   Coul. recip.
    3.12645e+03    3.80858e+04   -2.09241e+03   -2.84928e+05    1.56881e+03
      Potential    Kinetic En.   Total Energy  Conserved En.    Temperature
   -2.43751e+05    4.58105e+04   -1.97940e+05   -2.36970e+05    3.00947e+02
 Pres. DC (bar) Pressure (bar)   Constr. rmsd
   -1.86518e+02   -1.82839e+02    2.21312e-06

           Step           Time
          45000       90.00000

   Energies (kJ/mol)
           Bond          Angle    Proper Dih.  Improper Dih.          LJ-14
    5.43237e+01    1.77343e+02    1.60299e+02    9.06577e+00    6.27189e+01
     Coulomb-14        LJ (SR)  Disper. corr.   Coulomb (SR)   Coul. recip.
    3.06616e+03    3.81836e+04   -2.09241e+03   -2.84567e+05    1.59649e+03
      Potential    Kinetic En.   Total Energy  Conserved En.    Temperature
   -2.43349e+05    4.55848e+04   -1.97764e+05   -2.36972e+05    2.99464e+02
 Pres. DC (bar) Pressure (bar)   Constr. rmsd
   -1.86518e+02   -8.40707e+01    2.72128e-06

           Step           Time
          45500       91.00000

   Energies (kJ/mol)
           Bond          Angle    Proper Dih.  Improper Dih.          LJ-14
    6.15056e+01    1.58802e+02    1.91121e+02    1.40387e+01    6.73593e+01
     Coulomb-14        LJ (SR)  Disper. corr.   Coulomb (SR)   Coul. recip.
    3.09773e+03    3.82483e+04   -2.09241e+03   -2.85205e+05    1.54132e+03
      Potential    Kinetic En.   Total Energy  Conserved En.    Temperature
   -2.43917e+05    4.49606e+04   -1.98957e+05   -2.36968e+05    2.95364e+02
 Pres. DC (bar) Pressure (bar)   Constr. rmsd
   -1.86518e+02   -1.27043e+02    1.89199e-06

           Step           Time
          46000       92.00000

   Energies (kJ/mol)
           Bond          Angle    Proper Dih.  Improper Dih.          LJ-14
    8.69998e+01    1.45110e+02    1.70558e+02    1.48842e+01    6.98627e+01
     Coulomb-14        LJ (SR)  Disper. corr.   Coulomb (SR)   Coul. recip.
    3.12823e+03    3.80444e+04   -2.09241e+03   -2.84607e+05    1.55222e+03
      Potential    Kinetic En.   Total Energy  Conserved En.    Temperature
   -2.43487e+05    4.58772e+04   -1.97610e+05   -2.36964e+05    3.01385e+02
 Pres. DC (bar) Pressure (bar)   Constr. rmsd
   -1.86518e+02   -1.96787e+02    2.42474e-06

           Step           Time
          46500       93.00000

   Energies (kJ/mol)
           Bond          Angle    Proper Dih.  Improper Dih.          LJ-14
    6.05285e+01    1.78812e+02    1.74548e+02    1.50992e+01    6.30454e+01
     Coulomb-14        LJ (SR)  Disper. corr.   Coulomb (SR)   Coul. recip.
    3.12437e+03    3.80487e+04   -2.09241e+03   -2.84722e+05    1.54390e+03
      Potential    Kinetic En.   Total Energy  Conserved En.    Temperature
   -2.43605e+05    4.56823e+04   -1.97923e+05   -2.36962e+05    3.00105e+02
 Pres. DC (bar) Pressure (bar)   Constr. rmsd
   -1.86518e+02   -1.03799e+02    3.98787e-06

           Step           Time
          47000       94.00000

   Energies (kJ/mol)
           Bond          Angle    Proper Dih.  Improper Dih.          LJ-14
    6.86178e+01    1.33022e+02    1.59028e+02    6.58528e+00    7.08953e+01
     Coulomb-14        LJ (SR)  Disper. corr.   Coulomb (SR)   Coul. recip.
    3.10625e+03    3.75663e+04   -2.09241e+03   -2.83975e+05    1.56099e+03
      Potential    Kinetic En.   Total Energy  Conserved En.    Temperature
   -2.43396e+05    4.55348e+04   -1.97861e+05   -2.36968e+05    2.99136e+02
 Pres. DC (bar) Pressure (bar)   Constr. rmsd
   -1.86518e+02   -2.67041e+02    3.36739e-06

           Step           Time
          47500       95.00000

   Energies (kJ/mol)
           Bond          Angle    Proper Dih.  Improper Dih.          LJ-14
    7.97007e+01    1.70957e+02    1.87043e+02    7.88198e+00    5.73134e+01
     Coulomb-14        LJ (SR)  Disper. corr.   Coulomb (SR)   Coul. recip.
    3.09474e+03    3.84903e+04   -2.09241e+03   -2.85448e+05    1.57777e+03
      Potential    Kinetic En.   Total Energy  Conserved En.    Temperature
   -2.43874e+05    4.50483e+04   -1.98826e+05   -2.36958e+05    2.95940e+02
 Pres. DC (bar) Pressure (bar)   Constr. rmsd
   -1.86518e+02   -1.16048e+02    4.31129e-06

           Step           Time
          48000       96.00000

   Energies (kJ/mol)
           Bond          Angle    Proper Dih.  Improper Dih.          LJ-14
    8.94907e+01    1.60104e+02    1.81940e+02    1.49967e+01    7.52659e+01
     Coulomb-14        LJ (SR)  Disper. corr.   Coulomb (SR)   Coul. recip.
    3.08757e+03    3.79598e+04   -2.09241e+03   -2.83822e+05    1.58119e+03
      Potential    Kinetic En.   Total Energy  Conserved En.    Temperature
   -2.42764e+05    4.63928e+04   -1.96371e+05   -2.36962e+05    3.04773e+02
 Pres. DC (bar) Pressure (bar)   Constr. rmsd
   -1.86518e+02   -7.30571e+01    4.01281e-06

           Step           Time
          48500       97.00000

   Energies (kJ/mol)
           Bond          Angle    Proper Dih.  Improper Dih.          LJ-14
    6.53464e+01    1.54536e+02    1.74097e+02    1.16336e+01    7.37206e+01
     Coulomb-14        LJ (SR)  Disper. corr.   Coulomb (SR)   Coul. recip.
    3.09713e+03    3.85120e+04   -2.09241e+03   -2.85352e+05    1.60236e+03
      Potential    Kinetic En.   Total Energy  Conserved En.    Temperature
   -2.43753e+05    4.53685e+04   -1.98385e+05   -2.36959e+05    2.98043e+02
 Pres. DC (bar) Pressure (bar)   Constr. rmsd
   -1.86518e+02    1.92666e+01    3.07511e-06

           Step           Time
          49000       98.00000

   Energies (kJ/mol)
           Bond          Angle    Proper Dih.  Improper Dih.          LJ-14
    5.33323e+01    1.65890e+02    1.75573e+02    1.61008e+01    6.15252e+01
     Coulomb-14        LJ (SR)  Disper. corr.   Coulomb (SR)   Coul. recip.
    3.12072e+03    3.86585e+04   -2.09241e+03   -2.84673e+05    1.53802e+03
      Potential    Kinetic En.   Total Energy  Conserved En.    Temperature
   -2.42976e+05    4.58001e+04   -1.97176e+05   -2.36966e+05    3.00879e+02
 Pres. DC (bar) Pressure (bar)   Constr. rmsd
   -1.86518e+02    1.44232e+02    3.86830e-06

           Step           Time
          49500       99.00000

   Energies (kJ/mol)
           Bond          Angle    Proper Dih.  Improper Dih.          LJ-14
    7.21991e+01    1.99533e+02    1.60349e+02    1.90503e+01    6.75560e+01
     Coulomb-14        LJ (SR)  Disper. corr.   Coulomb (SR)   Coul. recip.
    3.12063e+03    3.81304e+04   -2.09241e+03   -2.84726e+05    1.62656e+03
      Potential    Kinetic En.   Total Energy  Conserved En.    Temperature
   -2.43422e+05    4.57996e+04   -1.97622e+05   -2.36951e+05    3.00875e+02
 Pres. DC (bar) Pressure (bar)   Constr. rmsd
   -1.86518e+02   -8.94296e+01    2.23303e-06

           Step           Time
          50000      100.00000

Writing checkpoint, step 50000 at Mon Aug 10 13:09:16 2020


   Energies (kJ/mol)
           Bond          Angle    Proper Dih.  Improper Dih.          LJ-14
    7.21832e+01    1.80793e+02    1.68268e+02    1.16768e+01    6.77789e+01
     Coulomb-14        LJ (SR)  Disper. corr.   Coulomb (SR)   Coul. recip.
    3.10366e+03    3.84741e+04   -2.09241e+03   -2.84586e+05    1.56578e+03
      Potential    Kinetic En.   Total Energy  Conserved En.    Temperature
   -2.43034e+05    4.55778e+04   -1.97456e+05   -2.36956e+05    2.99418e+02
 Pres. DC (bar) Pressure (bar)   Constr. rmsd
   -1.86518e+02    2.02739e+01    2.05776e-06

	<======  ###############  ==>
	<====  A V E R A G E S  ====>
	<==  ###############  ======>

	Statistics over 50001 steps using 501 frames

   Energies (kJ/mol)
           Bond          Angle    Proper Dih.  Improper Dih.          LJ-14
    6.85422e+01    1.60727e+02    1.83286e+02    1.60765e+01    6.45476e+01
     Coulomb-14        LJ (SR)  Disper. corr.   Coulomb (SR)   Coul. recip.
    3.11972e+03    3.80930e+04   -2.09241e+03   -2.84648e+05    1.56160e+03
      Potential    Kinetic En.   Total Energy  Conserved En.    Temperature
   -2.43473e+05    4.56430e+04   -1.97830e+05   -2.37005e+05    2.99847e+02
 Pres. DC (bar) Pressure (bar)   Constr. rmsd
   -1.86518e+02   -1.48093e+02    0.00000e+00

   Total Virial (kJ/mol)
    1.60389e+04   -7.06614e+01    2.52044e+01
   -7.06197e+01    1.60180e+04   -1.28380e+01
    2.50771e+01   -1.28609e+01    1.60812e+04

   Pressure (bar)
   -1.49230e+02    1.30749e+01   -3.39677e+00
    1.30675e+01   -1.41377e+02   -1.39770e-01
   -3.37411e+00   -1.35699e-01   -1.53673e+02

      T-Protein  T-non-Protein
    2.96600e+02    2.99866e+02


	M E G A - F L O P S   A C C O U N T I N G

 NB=Group-cutoff nonbonded kernels    NxN=N-by-N cluster Verlet kernels
 RF=Reaction-Field  VdW=Van der Waals  QSTab=quadratic-spline table
 W3=SPC/TIP3p  W4=TIP4p (single or pairs)
 V&F=Potential and force  V=Potential only  F=Force only

 Computing:                               M-Number         M-Flops  % Flops
-----------------------------------------------------------------------------
 Pair Search distance check             861.587920        7754.291     0.0
 NxN Ewald Elec. + LJ [F]            871336.395072    57508202.075    98.2
 NxN Ewald Elec. + LJ [V&F]            8818.879552      943620.112     1.6
 1,4 nonbonded interactions               9.550191         859.517     0.0
 Shift-X                                  9.160785          54.965     0.0
 Bonds                                    2.400048         141.603     0.0
 Angles                                   7.350147        1234.825     0.0
 Propers                                  7.800156        1786.236     0.0
 Impropers                                1.150023         239.205     0.0
 Virial                                   9.183330         165.300     0.0
 Stop-CM                                  9.179070          91.791     0.0
 Calc-Ekin                              182.886570        4937.937     0.0
 Lincs                                    1.900114         114.007     0.0
 Lincs-Mat                                9.000540          36.002     0.0
 Constraint-V                           913.736548        7309.892     0.0
 Constraint-Vir                           9.136236         219.270     0.0
 Settle                                 303.318198       97971.778     0.2
-----------------------------------------------------------------------------
 Total                                                58574738.805   100.0
-----------------------------------------------------------------------------


     R E A L   C Y C L E   A N D   T I M E   A C C O U N T I N G

On 1 MPI rank

 Computing:          Num   Num      Call    Wall time         Giga-Cycles
                     Ranks Threads  Count      (s)         total sum    %
-----------------------------------------------------------------------------
 Neighbor search        1    1        501       2.475          8.909   8.2
 Launch GPU ops.        1    1     100002       2.442          8.792   8.1
 Force                  1    1      50001       1.304          4.695   4.3
 Wait PME GPU gather    1    1      50001       2.382          8.576   7.9
 Reduce GPU PME F       1    1      50001       0.849          3.056   2.8
 Wait GPU NB local      1    1      50001       5.553         19.991  18.4
 NB X/F buffer ops.     1    1      99501       3.509         12.632  11.6
 Write traj.            1    1        101       1.148          4.131   3.8
 Update                 1    1      50001       1.284          4.624   4.3
 Constraints            1    1      50003       7.674         27.628  25.4
 Rest                                           1.576          5.675   5.2
-----------------------------------------------------------------------------
 Total                                         30.197        108.709 100.0
-----------------------------------------------------------------------------

               Core t (s)   Wall t (s)        (%)
       Time:       30.196       30.197      100.0
                 (ns/day)    (hour/ns)
Performance:      286.131        0.084
Finished mdrun on rank 0 Mon Aug 10 13:09:17 2020

